2025-06-17 16:40:47,101 - azure.core.pipeline.policies.http_logging_policy - INFO - Request URL: 'https://cosmos-research-analytics-prod.documents.azure.com:443/'
Request method: 'GET'
Request headers:
    'Cache-Control': 'no-cache'
    'x-ms-version': 'REDACTED'
    'x-ms-documentdb-query-iscontinuationexpected': 'REDACTED'
    'x-ms-date': 'REDACTED'
    'authorization': 'REDACTED'
    'Accept': 'application/json'
    'Content-Length': '0'
    'User-Agent': 'azsdk-python-cosmos/4.9.0 Python/3.9.6 (macOS-15.5-arm64-arm-64bit)'
No body was attached to the request
2025-06-17 16:40:47,524 - azure.core.pipeline.policies.http_logging_policy - INFO - Response status: 200
Response headers:
    'Content-Length': '1722'
    'Date': 'Tue, 17 Jun 2025 14:40:47 GMT'
    'Content-Type': 'application/json'
    'Server': 'Microsoft-HTTPAPI/2.0'
    'x-ms-gatewayversion': 'REDACTED'
    'Cache-Control': 'no-store, no-cache'
    'Pragma': 'no-cache'
    'x-ms-max-media-storage-usage-mb': 'REDACTED'
    'x-ms-media-storage-usage-mb': 'REDACTED'
    'x-ms-databaseaccount-consumed-mb': 'REDACTED'
    'x-ms-databaseaccount-reserved-mb': 'REDACTED'
    'x-ms-databaseaccount-provisioned-mb': 'REDACTED'
    'Strict-Transport-Security': 'REDACTED'
    'Content-Location': 'REDACTED'
2025-06-17 16:40:47,524 - IDC_Migration_v2 - INFO - IDC Migration Manager initialized - Container: institutional-data-center
2025-06-17 16:40:47,524 - IDC_Migration_v2 - INFO - Starting batch migration of 14 documents (batch size: 3)
2025-06-17 16:40:47,524 - IDC_Migration_v2 - INFO - Processing batch 1 (3 documents)
2025-06-17 16:40:47,525 - azure.core.pipeline.policies.http_logging_policy - INFO - Request URL: 'https://cosmos-research-analytics-prod-eastus.documents.azure.com:443/dbs/research-analytics-db/colls/institutional-data-center/'
Request method: 'GET'
Request headers:
    'Cache-Control': 'no-cache'
    'x-ms-version': 'REDACTED'
    'x-ms-documentdb-query-iscontinuationexpected': 'REDACTED'
    'x-ms-consistency-level': 'REDACTED'
    'x-ms-date': 'REDACTED'
    'authorization': 'REDACTED'
    'Accept': 'application/json'
    'Content-Length': '0'
    'User-Agent': 'azsdk-python-cosmos/4.9.0 Python/3.9.6 (macOS-15.5-arm64-arm-64bit)'
No body was attached to the request
2025-06-17 16:40:48,066 - azure.core.pipeline.policies.http_logging_policy - INFO - Response status: 200
Response headers:
    'Content-Length': '869'
    'Date': 'Tue, 17 Jun 2025 14:40:47 GMT'
    'Content-Type': 'application/json'
    'Server': 'Microsoft-HTTPAPI/2.0'
    'x-ms-gatewayversion': 'REDACTED'
    'Cache-Control': 'no-store, no-cache'
    'Pragma': 'no-cache'
    'Strict-Transport-Security': 'REDACTED'
    'x-ms-activity-id': 'REDACTED'
    'x-ms-last-state-change-utc': 'REDACTED'
    'etag': '"0000ac02-0000-0100-0000-685130750000"'
    'x-ms-schemaversion': 'REDACTED'
    'collection-partition-index': 'REDACTED'
    'collection-service-index': 'REDACTED'
    'lsn': 'REDACTED'
    'x-ms-request-charge': 'REDACTED'
    'x-ms-alt-content-path': 'REDACTED'
    'x-ms-content-path': 'REDACTED'
    'x-ms-documentdb-partitionkeyrangeid': 'REDACTED'
    'x-ms-xp-role': 'REDACTED'
    'x-ms-global-Committed-lsn': 'REDACTED'
    'x-ms-number-of-read-regions': 'REDACTED'
    'x-ms-item-lsn': 'REDACTED'
    'x-ms-transport-request-id': 'REDACTED'
    'x-ms-cosmos-llsn': 'REDACTED'
    'x-ms-cosmos-item-llsn': 'REDACTED'
    'x-ms-session-token': 'REDACTED'
    'x-ms-request-duration-ms': 'REDACTED'
    'x-ms-serviceversion': 'REDACTED'
    'x-ms-cosmos-physical-partition-id': 'REDACTED'
    'x-ms-cosmos-max-content-length': 'REDACTED'
    'x-ms-cosmos-internal-partition-id': 'REDACTED'
    'Content-Location': 'REDACTED'
2025-06-17 16:40:48,066 - azure.core.pipeline.policies.http_logging_policy - INFO - Request URL: 'https://cosmos-research-analytics-prod-eastus.documents.azure.com:443/dbs/research-analytics-db/colls/institutional-data-center/docs/'
Request method: 'POST'
Request headers:
    'Cache-Control': 'no-cache'
    'x-ms-version': 'REDACTED'
    'x-ms-documentdb-query-iscontinuationexpected': 'REDACTED'
    'x-ms-consistency-level': 'REDACTED'
    'x-ms-session-token': 'REDACTED'
    'x-ms-documentdb-partitionkey': 'REDACTED'
    'x-ms-date': 'REDACTED'
    'authorization': 'REDACTED'
    'Content-Type': 'application/json'
    'Accept': 'application/json'
    'Content-Length': '1055'
    'User-Agent': 'azsdk-python-cosmos/4.9.0 Python/3.9.6 (macOS-15.5-arm64-arm-64bit)'
A body is sent with the request
2025-06-17 16:40:48,250 - azure.core.pipeline.policies.http_logging_policy - INFO - Response status: 201
Response headers:
    'Content-Length': '1258'
    'Date': 'Tue, 17 Jun 2025 14:40:47 GMT'
    'Content-Type': 'application/json'
    'Server': 'Compute'
    'x-ms-gatewayversion': 'REDACTED'
    'x-ms-activity-id': 'REDACTED'
    'x-ms-last-state-change-utc': 'REDACTED'
    'etag': '"59006d94-0000-0100-0000-68517e700000"'
    'x-ms-resource-quota': 'REDACTED'
    'x-ms-resource-usage': 'REDACTED'
    'x-ms-schemaversion': 'REDACTED'
    'lsn': 'REDACTED'
    'x-ms-request-charge': 'REDACTED'
    'x-ms-alt-content-path': 'REDACTED'
    'x-ms-content-path': 'REDACTED'
    'x-ms-quorum-acked-lsn': 'REDACTED'
    'x-ms-current-write-quorum': 'REDACTED'
    'x-ms-current-replica-set-size': 'REDACTED'
    'x-ms-documentdb-partitionkeyrangeid': 'REDACTED'
    'x-ms-xp-role': 'REDACTED'
    'x-ms-global-Committed-lsn': 'REDACTED'
    'x-ms-number-of-read-regions': 'REDACTED'
    'x-ms-transport-request-id': 'REDACTED'
    'x-ms-cosmos-llsn': 'REDACTED'
    'x-ms-cosmos-quorum-acked-llsn': 'REDACTED'
    'x-ms-session-token': 'REDACTED'
    'x-ms-request-duration-ms': 'REDACTED'
    'x-ms-serviceversion': 'REDACTED'
    'x-ms-cosmos-physical-partition-id': 'REDACTED'
    'x-ms-cosmos-internal-partition-id': 'REDACTED'
2025-06-17 16:40:48,250 - IDC_Migration_v2 - INFO - ✓ Document ingested: research_finding_1750171247_09386bb5 (725.41ms, Quality: 1.00)
2025-06-17 16:40:48,250 - azure.core.pipeline.policies.http_logging_policy - INFO - Request URL: 'https://cosmos-research-analytics-prod-eastus.documents.azure.com:443/dbs/research-analytics-db/colls/institutional-data-center/docs/'
Request method: 'POST'
Request headers:
    'Cache-Control': 'no-cache'
    'x-ms-version': 'REDACTED'
    'x-ms-documentdb-query-iscontinuationexpected': 'REDACTED'
    'x-ms-consistency-level': 'REDACTED'
    'x-ms-session-token': 'REDACTED'
    'x-ms-documentdb-partitionkey': 'REDACTED'
    'x-ms-date': 'REDACTED'
    'authorization': 'REDACTED'
    'Content-Type': 'application/json'
    'Accept': 'application/json'
    'x-ms-cosmos-intended-collection-rid': 'REDACTED'
    'Content-Length': '1065'
    'User-Agent': 'azsdk-python-cosmos/4.9.0 Python/3.9.6 (macOS-15.5-arm64-arm-64bit)'
A body is sent with the request
2025-06-17 16:40:48,356 - azure.core.pipeline.policies.http_logging_policy - INFO - Response status: 201
Response headers:
    'Content-Length': '1268'
    'Date': 'Tue, 17 Jun 2025 14:40:47 GMT'
    'Content-Type': 'application/json'
    'Server': 'Compute'
    'x-ms-gatewayversion': 'REDACTED'
    'x-ms-activity-id': 'REDACTED'
    'x-ms-last-state-change-utc': 'REDACTED'
    'etag': '"59007294-0000-0100-0000-68517e700000"'
    'x-ms-resource-quota': 'REDACTED'
    'x-ms-resource-usage': 'REDACTED'
    'x-ms-schemaversion': 'REDACTED'
    'lsn': 'REDACTED'
    'x-ms-request-charge': 'REDACTED'
    'x-ms-alt-content-path': 'REDACTED'
    'x-ms-content-path': 'REDACTED'
    'x-ms-quorum-acked-lsn': 'REDACTED'
    'x-ms-current-write-quorum': 'REDACTED'
    'x-ms-current-replica-set-size': 'REDACTED'
    'x-ms-documentdb-partitionkeyrangeid': 'REDACTED'
    'x-ms-xp-role': 'REDACTED'
    'x-ms-global-Committed-lsn': 'REDACTED'
    'x-ms-number-of-read-regions': 'REDACTED'
    'x-ms-transport-request-id': 'REDACTED'
    'x-ms-cosmos-llsn': 'REDACTED'
    'x-ms-cosmos-quorum-acked-llsn': 'REDACTED'
    'x-ms-session-token': 'REDACTED'
    'x-ms-request-duration-ms': 'REDACTED'
    'x-ms-serviceversion': 'REDACTED'
    'x-ms-cosmos-physical-partition-id': 'REDACTED'
    'x-ms-cosmos-internal-partition-id': 'REDACTED'
2025-06-17 16:40:48,356 - IDC_Migration_v2 - INFO - ✓ Document ingested: research_finding_1750171247_ae3d2bf4 (106.14ms, Quality: 1.00)
2025-06-17 16:40:48,357 - azure.core.pipeline.policies.http_logging_policy - INFO - Request URL: 'https://cosmos-research-analytics-prod-eastus.documents.azure.com:443/dbs/research-analytics-db/colls/institutional-data-center/docs/'
Request method: 'POST'
Request headers:
    'Cache-Control': 'no-cache'
    'x-ms-version': 'REDACTED'
    'x-ms-documentdb-query-iscontinuationexpected': 'REDACTED'
    'x-ms-consistency-level': 'REDACTED'
    'x-ms-session-token': 'REDACTED'
    'x-ms-documentdb-partitionkey': 'REDACTED'
    'x-ms-date': 'REDACTED'
    'authorization': 'REDACTED'
    'Content-Type': 'application/json'
    'Accept': 'application/json'
    'x-ms-cosmos-intended-collection-rid': 'REDACTED'
    'Content-Length': '1052'
    'User-Agent': 'azsdk-python-cosmos/4.9.0 Python/3.9.6 (macOS-15.5-arm64-arm-64bit)'
A body is sent with the request
2025-06-17 16:40:48,463 - azure.core.pipeline.policies.http_logging_policy - INFO - Response status: 201
Response headers:
    'Content-Length': '1255'
    'Date': 'Tue, 17 Jun 2025 14:40:47 GMT'
    'Content-Type': 'application/json'
    'Server': 'Compute'
    'x-ms-gatewayversion': 'REDACTED'
    'x-ms-activity-id': 'REDACTED'
    'x-ms-last-state-change-utc': 'REDACTED'
    'etag': '"59007794-0000-0100-0000-68517e700000"'
    'x-ms-resource-quota': 'REDACTED'
    'x-ms-resource-usage': 'REDACTED'
    'x-ms-schemaversion': 'REDACTED'
    'lsn': 'REDACTED'
    'x-ms-request-charge': 'REDACTED'
    'x-ms-alt-content-path': 'REDACTED'
    'x-ms-content-path': 'REDACTED'
    'x-ms-quorum-acked-lsn': 'REDACTED'
    'x-ms-current-write-quorum': 'REDACTED'
    'x-ms-current-replica-set-size': 'REDACTED'
    'x-ms-documentdb-partitionkeyrangeid': 'REDACTED'
    'x-ms-xp-role': 'REDACTED'
    'x-ms-global-Committed-lsn': 'REDACTED'
    'x-ms-number-of-read-regions': 'REDACTED'
    'x-ms-transport-request-id': 'REDACTED'
    'x-ms-cosmos-llsn': 'REDACTED'
    'x-ms-cosmos-quorum-acked-llsn': 'REDACTED'
    'x-ms-session-token': 'REDACTED'
    'x-ms-request-duration-ms': 'REDACTED'
    'x-ms-serviceversion': 'REDACTED'
    'x-ms-cosmos-physical-partition-id': 'REDACTED'
    'x-ms-cosmos-internal-partition-id': 'REDACTED'
2025-06-17 16:40:48,463 - IDC_Migration_v2 - INFO - ✓ Document ingested: research_finding_1750171247_3f833787 (106.75ms, Quality: 1.00)
2025-06-17 16:40:48,463 - IDC_Migration_v2 - INFO - Batch 1 completed: 3/3 successful (0.94s)
2025-06-17 16:40:49,468 - IDC_Migration_v2 - INFO - Processing batch 2 (3 documents)
2025-06-17 16:40:49,468 - azure.core.pipeline.policies.http_logging_policy - INFO - Request URL: 'https://cosmos-research-analytics-prod-eastus.documents.azure.com:443/dbs/research-analytics-db/colls/institutional-data-center/docs/'
Request method: 'POST'
Request headers:
    'Cache-Control': 'no-cache'
    'x-ms-version': 'REDACTED'
    'x-ms-documentdb-query-iscontinuationexpected': 'REDACTED'
    'x-ms-consistency-level': 'REDACTED'
    'x-ms-session-token': 'REDACTED'
    'x-ms-documentdb-partitionkey': 'REDACTED'
    'x-ms-date': 'REDACTED'
    'authorization': 'REDACTED'
    'Content-Type': 'application/json'
    'Accept': 'application/json'
    'x-ms-cosmos-intended-collection-rid': 'REDACTED'
    'Content-Length': '1041'
    'User-Agent': 'azsdk-python-cosmos/4.9.0 Python/3.9.6 (macOS-15.5-arm64-arm-64bit)'
A body is sent with the request
2025-06-17 16:40:49,578 - azure.core.pipeline.policies.http_logging_policy - INFO - Response status: 201
Response headers:
    'Content-Length': '1244'
    'Date': 'Tue, 17 Jun 2025 14:40:48 GMT'
    'Content-Type': 'application/json'
    'Server': 'Compute'
    'x-ms-gatewayversion': 'REDACTED'
    'x-ms-activity-id': 'REDACTED'
    'x-ms-last-state-change-utc': 'REDACTED'
    'etag': '"59008b94-0000-0100-0000-68517e710000"'
    'x-ms-resource-quota': 'REDACTED'
    'x-ms-resource-usage': 'REDACTED'
    'x-ms-schemaversion': 'REDACTED'
    'lsn': 'REDACTED'
    'x-ms-request-charge': 'REDACTED'
    'x-ms-alt-content-path': 'REDACTED'
    'x-ms-content-path': 'REDACTED'
    'x-ms-quorum-acked-lsn': 'REDACTED'
    'x-ms-current-write-quorum': 'REDACTED'
    'x-ms-current-replica-set-size': 'REDACTED'
    'x-ms-documentdb-partitionkeyrangeid': 'REDACTED'
    'x-ms-xp-role': 'REDACTED'
    'x-ms-global-Committed-lsn': 'REDACTED'
    'x-ms-number-of-read-regions': 'REDACTED'
    'x-ms-transport-request-id': 'REDACTED'
    'x-ms-cosmos-llsn': 'REDACTED'
    'x-ms-cosmos-quorum-acked-llsn': 'REDACTED'
    'x-ms-session-token': 'REDACTED'
    'x-ms-request-duration-ms': 'REDACTED'
    'x-ms-serviceversion': 'REDACTED'
    'x-ms-cosmos-physical-partition-id': 'REDACTED'
    'x-ms-cosmos-internal-partition-id': 'REDACTED'
2025-06-17 16:40:49,578 - IDC_Migration_v2 - INFO - ✓ Document ingested: tech_spec_1750171247_aa792226 (109.64ms, Quality: 1.00)
2025-06-17 16:40:49,578 - azure.core.pipeline.policies.http_logging_policy - INFO - Request URL: 'https://cosmos-research-analytics-prod-eastus.documents.azure.com:443/dbs/research-analytics-db/colls/institutional-data-center/docs/'
Request method: 'POST'
Request headers:
    'Cache-Control': 'no-cache'
    'x-ms-version': 'REDACTED'
    'x-ms-documentdb-query-iscontinuationexpected': 'REDACTED'
    'x-ms-consistency-level': 'REDACTED'
    'x-ms-session-token': 'REDACTED'
    'x-ms-documentdb-partitionkey': 'REDACTED'
    'x-ms-date': 'REDACTED'
    'authorization': 'REDACTED'
    'Content-Type': 'application/json'
    'Accept': 'application/json'
    'x-ms-cosmos-intended-collection-rid': 'REDACTED'
    'Content-Length': '1036'
    'User-Agent': 'azsdk-python-cosmos/4.9.0 Python/3.9.6 (macOS-15.5-arm64-arm-64bit)'
A body is sent with the request
2025-06-17 16:40:49,685 - azure.core.pipeline.policies.http_logging_policy - INFO - Response status: 201
Response headers:
    'Content-Length': '1239'
    'Date': 'Tue, 17 Jun 2025 14:40:48 GMT'
    'Content-Type': 'application/json'
    'Server': 'Compute'
    'x-ms-gatewayversion': 'REDACTED'
    'x-ms-activity-id': 'REDACTED'
    'x-ms-last-state-change-utc': 'REDACTED'
    'etag': '"59008e94-0000-0100-0000-68517e710000"'
    'x-ms-resource-quota': 'REDACTED'
    'x-ms-resource-usage': 'REDACTED'
    'x-ms-schemaversion': 'REDACTED'
    'lsn': 'REDACTED'
    'x-ms-request-charge': 'REDACTED'
    'x-ms-alt-content-path': 'REDACTED'
    'x-ms-content-path': 'REDACTED'
    'x-ms-quorum-acked-lsn': 'REDACTED'
    'x-ms-current-write-quorum': 'REDACTED'
    'x-ms-current-replica-set-size': 'REDACTED'
    'x-ms-documentdb-partitionkeyrangeid': 'REDACTED'
    'x-ms-xp-role': 'REDACTED'
    'x-ms-global-Committed-lsn': 'REDACTED'
    'x-ms-number-of-read-regions': 'REDACTED'
    'x-ms-transport-request-id': 'REDACTED'
    'x-ms-cosmos-llsn': 'REDACTED'
    'x-ms-cosmos-quorum-acked-llsn': 'REDACTED'
    'x-ms-session-token': 'REDACTED'
    'x-ms-request-duration-ms': 'REDACTED'
    'x-ms-serviceversion': 'REDACTED'
    'x-ms-cosmos-physical-partition-id': 'REDACTED'
    'x-ms-cosmos-internal-partition-id': 'REDACTED'
2025-06-17 16:40:49,685 - IDC_Migration_v2 - INFO - ✓ Document ingested: tech_spec_1750171247_1ef9a13a (107.32ms, Quality: 1.00)
2025-06-17 16:40:49,686 - azure.core.pipeline.policies.http_logging_policy - INFO - Request URL: 'https://cosmos-research-analytics-prod-eastus.documents.azure.com:443/dbs/research-analytics-db/colls/institutional-data-center/docs/'
Request method: 'POST'
Request headers:
    'Cache-Control': 'no-cache'
    'x-ms-version': 'REDACTED'
    'x-ms-documentdb-query-iscontinuationexpected': 'REDACTED'
    'x-ms-consistency-level': 'REDACTED'
    'x-ms-session-token': 'REDACTED'
    'x-ms-documentdb-partitionkey': 'REDACTED'
    'x-ms-date': 'REDACTED'
    'authorization': 'REDACTED'
    'Content-Type': 'application/json'
    'Accept': 'application/json'
    'x-ms-cosmos-intended-collection-rid': 'REDACTED'
    'Content-Length': '1007'
    'User-Agent': 'azsdk-python-cosmos/4.9.0 Python/3.9.6 (macOS-15.5-arm64-arm-64bit)'
A body is sent with the request
2025-06-17 16:40:49,792 - azure.core.pipeline.policies.http_logging_policy - INFO - Response status: 201
Response headers:
    'Content-Length': '1210'
    'Date': 'Tue, 17 Jun 2025 14:40:48 GMT'
    'Content-Type': 'application/json'
    'Server': 'Compute'
    'x-ms-gatewayversion': 'REDACTED'
    'x-ms-activity-id': 'REDACTED'
    'x-ms-last-state-change-utc': 'REDACTED'
    'etag': '"59009094-0000-0100-0000-68517e710000"'
    'x-ms-resource-quota': 'REDACTED'
    'x-ms-resource-usage': 'REDACTED'
    'x-ms-schemaversion': 'REDACTED'
    'lsn': 'REDACTED'
    'x-ms-request-charge': 'REDACTED'
    'x-ms-alt-content-path': 'REDACTED'
    'x-ms-content-path': 'REDACTED'
    'x-ms-quorum-acked-lsn': 'REDACTED'
    'x-ms-current-write-quorum': 'REDACTED'
    'x-ms-current-replica-set-size': 'REDACTED'
    'x-ms-documentdb-partitionkeyrangeid': 'REDACTED'
    'x-ms-xp-role': 'REDACTED'
    'x-ms-global-Committed-lsn': 'REDACTED'
    'x-ms-number-of-read-regions': 'REDACTED'
    'x-ms-transport-request-id': 'REDACTED'
    'x-ms-cosmos-llsn': 'REDACTED'
    'x-ms-cosmos-quorum-acked-llsn': 'REDACTED'
    'x-ms-session-token': 'REDACTED'
    'x-ms-request-duration-ms': 'REDACTED'
    'x-ms-serviceversion': 'REDACTED'
    'x-ms-cosmos-physical-partition-id': 'REDACTED'
    'x-ms-cosmos-internal-partition-id': 'REDACTED'
2025-06-17 16:40:49,792 - IDC_Migration_v2 - INFO - ✓ Document ingested: tech_spec_1750171247_f60040a2 (106.62ms, Quality: 1.00)
2025-06-17 16:40:49,792 - IDC_Migration_v2 - INFO - Batch 2 completed: 3/3 successful (0.32s)
2025-06-17 16:40:50,797 - IDC_Migration_v2 - INFO - Processing batch 3 (3 documents)
2025-06-17 16:40:50,799 - azure.core.pipeline.policies.http_logging_policy - INFO - Request URL: 'https://cosmos-research-analytics-prod-eastus.documents.azure.com:443/dbs/research-analytics-db/colls/institutional-data-center/docs/'
Request method: 'POST'
Request headers:
    'Cache-Control': 'no-cache'
    'x-ms-version': 'REDACTED'
    'x-ms-documentdb-query-iscontinuationexpected': 'REDACTED'
    'x-ms-consistency-level': 'REDACTED'
    'x-ms-session-token': 'REDACTED'
    'x-ms-documentdb-partitionkey': 'REDACTED'
    'x-ms-date': 'REDACTED'
    'authorization': 'REDACTED'
    'Content-Type': 'application/json'
    'Accept': 'application/json'
    'x-ms-cosmos-intended-collection-rid': 'REDACTED'
    'Content-Length': '1004'
    'User-Agent': 'azsdk-python-cosmos/4.9.0 Python/3.9.6 (macOS-15.5-arm64-arm-64bit)'
A body is sent with the request
2025-06-17 16:40:50,911 - azure.core.pipeline.policies.http_logging_policy - INFO - Response status: 201
Response headers:
    'Content-Length': '1207'
    'Date': 'Tue, 17 Jun 2025 14:40:50 GMT'
    'Content-Type': 'application/json'
    'Server': 'Compute'
    'x-ms-gatewayversion': 'REDACTED'
    'x-ms-activity-id': 'REDACTED'
    'x-ms-last-state-change-utc': 'REDACTED'
    'etag': '"59009e94-0000-0100-0000-68517e720000"'
    'x-ms-resource-quota': 'REDACTED'
    'x-ms-resource-usage': 'REDACTED'
    'x-ms-schemaversion': 'REDACTED'
    'lsn': 'REDACTED'
    'x-ms-request-charge': 'REDACTED'
    'x-ms-alt-content-path': 'REDACTED'
    'x-ms-content-path': 'REDACTED'
    'x-ms-quorum-acked-lsn': 'REDACTED'
    'x-ms-current-write-quorum': 'REDACTED'
    'x-ms-current-replica-set-size': 'REDACTED'
    'x-ms-documentdb-partitionkeyrangeid': 'REDACTED'
    'x-ms-xp-role': 'REDACTED'
    'x-ms-global-Committed-lsn': 'REDACTED'
    'x-ms-number-of-read-regions': 'REDACTED'
    'x-ms-transport-request-id': 'REDACTED'
    'x-ms-cosmos-llsn': 'REDACTED'
    'x-ms-cosmos-quorum-acked-llsn': 'REDACTED'
    'x-ms-session-token': 'REDACTED'
    'x-ms-request-duration-ms': 'REDACTED'
    'x-ms-serviceversion': 'REDACTED'
    'x-ms-cosmos-physical-partition-id': 'REDACTED'
    'x-ms-cosmos-internal-partition-id': 'REDACTED'
2025-06-17 16:40:50,912 - IDC_Migration_v2 - INFO - ✓ Document ingested: policy_1750171247_0a390a62 (114.01ms, Quality: 1.00)
2025-06-17 16:40:50,912 - azure.core.pipeline.policies.http_logging_policy - INFO - Request URL: 'https://cosmos-research-analytics-prod-eastus.documents.azure.com:443/dbs/research-analytics-db/colls/institutional-data-center/docs/'
Request method: 'POST'
Request headers:
    'Cache-Control': 'no-cache'
    'x-ms-version': 'REDACTED'
    'x-ms-documentdb-query-iscontinuationexpected': 'REDACTED'
    'x-ms-consistency-level': 'REDACTED'
    'x-ms-session-token': 'REDACTED'
    'x-ms-documentdb-partitionkey': 'REDACTED'
    'x-ms-date': 'REDACTED'
    'authorization': 'REDACTED'
    'Content-Type': 'application/json'
    'Accept': 'application/json'
    'x-ms-cosmos-intended-collection-rid': 'REDACTED'
    'Content-Length': '1025'
    'User-Agent': 'azsdk-python-cosmos/4.9.0 Python/3.9.6 (macOS-15.5-arm64-arm-64bit)'
A body is sent with the request
2025-06-17 16:40:51,020 - azure.core.pipeline.policies.http_logging_policy - INFO - Response status: 201
Response headers:
    'Content-Length': '1228'
    'Date': 'Tue, 17 Jun 2025 14:40:50 GMT'
    'Content-Type': 'application/json'
    'Server': 'Compute'
    'x-ms-gatewayversion': 'REDACTED'
    'x-ms-activity-id': 'REDACTED'
    'x-ms-last-state-change-utc': 'REDACTED'
    'etag': '"5900a094-0000-0100-0000-68517e720000"'
    'x-ms-resource-quota': 'REDACTED'
    'x-ms-resource-usage': 'REDACTED'
    'x-ms-schemaversion': 'REDACTED'
    'lsn': 'REDACTED'
    'x-ms-request-charge': 'REDACTED'
    'x-ms-alt-content-path': 'REDACTED'
    'x-ms-content-path': 'REDACTED'
    'x-ms-quorum-acked-lsn': 'REDACTED'
    'x-ms-current-write-quorum': 'REDACTED'
    'x-ms-current-replica-set-size': 'REDACTED'
    'x-ms-documentdb-partitionkeyrangeid': 'REDACTED'
    'x-ms-xp-role': 'REDACTED'
    'x-ms-global-Committed-lsn': 'REDACTED'
    'x-ms-number-of-read-regions': 'REDACTED'
    'x-ms-transport-request-id': 'REDACTED'
    'x-ms-cosmos-llsn': 'REDACTED'
    'x-ms-cosmos-quorum-acked-llsn': 'REDACTED'
    'x-ms-session-token': 'REDACTED'
    'x-ms-request-duration-ms': 'REDACTED'
    'x-ms-serviceversion': 'REDACTED'
    'x-ms-cosmos-physical-partition-id': 'REDACTED'
    'x-ms-cosmos-internal-partition-id': 'REDACTED'
2025-06-17 16:40:51,020 - IDC_Migration_v2 - INFO - ✓ Document ingested: policy_1750171247_ca91f0f0 (108.20ms, Quality: 1.00)
2025-06-17 16:40:51,020 - azure.core.pipeline.policies.http_logging_policy - INFO - Request URL: 'https://cosmos-research-analytics-prod-eastus.documents.azure.com:443/dbs/research-analytics-db/colls/institutional-data-center/docs/'
Request method: 'POST'
Request headers:
    'Cache-Control': 'no-cache'
    'x-ms-version': 'REDACTED'
    'x-ms-documentdb-query-iscontinuationexpected': 'REDACTED'
    'x-ms-consistency-level': 'REDACTED'
    'x-ms-session-token': 'REDACTED'
    'x-ms-documentdb-partitionkey': 'REDACTED'
    'x-ms-date': 'REDACTED'
    'authorization': 'REDACTED'
    'Content-Type': 'application/json'
    'Accept': 'application/json'
    'x-ms-cosmos-intended-collection-rid': 'REDACTED'
    'Content-Length': '1008'
    'User-Agent': 'azsdk-python-cosmos/4.9.0 Python/3.9.6 (macOS-15.5-arm64-arm-64bit)'
A body is sent with the request
2025-06-17 16:40:51,124 - azure.core.pipeline.policies.http_logging_policy - INFO - Response status: 201
Response headers:
    'Content-Length': '1211'
    'Date': 'Tue, 17 Jun 2025 14:40:50 GMT'
    'Content-Type': 'application/json'
    'Server': 'Compute'
    'x-ms-gatewayversion': 'REDACTED'
    'x-ms-activity-id': 'REDACTED'
    'x-ms-last-state-change-utc': 'REDACTED'
    'etag': '"5900a394-0000-0100-0000-68517e730000"'
    'x-ms-resource-quota': 'REDACTED'
    'x-ms-resource-usage': 'REDACTED'
    'x-ms-schemaversion': 'REDACTED'
    'lsn': 'REDACTED'
    'x-ms-request-charge': 'REDACTED'
    'x-ms-alt-content-path': 'REDACTED'
    'x-ms-content-path': 'REDACTED'
    'x-ms-quorum-acked-lsn': 'REDACTED'
    'x-ms-current-write-quorum': 'REDACTED'
    'x-ms-current-replica-set-size': 'REDACTED'
    'x-ms-documentdb-partitionkeyrangeid': 'REDACTED'
    'x-ms-xp-role': 'REDACTED'
    'x-ms-global-Committed-lsn': 'REDACTED'
    'x-ms-number-of-read-regions': 'REDACTED'
    'x-ms-transport-request-id': 'REDACTED'
    'x-ms-cosmos-llsn': 'REDACTED'
    'x-ms-cosmos-quorum-acked-llsn': 'REDACTED'
    'x-ms-session-token': 'REDACTED'
    'x-ms-request-duration-ms': 'REDACTED'
    'x-ms-serviceversion': 'REDACTED'
    'x-ms-cosmos-physical-partition-id': 'REDACTED'
    'x-ms-cosmos-internal-partition-id': 'REDACTED'
2025-06-17 16:40:51,124 - IDC_Migration_v2 - INFO - ✓ Document ingested: policy_1750171247_ac934679 (104.53ms, Quality: 1.00)
2025-06-17 16:40:51,125 - IDC_Migration_v2 - INFO - Batch 3 completed: 3/3 successful (0.33s)
2025-06-17 16:40:52,127 - IDC_Migration_v2 - INFO - Processing batch 4 (3 documents)
2025-06-17 16:40:52,127 - azure.core.pipeline.policies.http_logging_policy - INFO - Request URL: 'https://cosmos-research-analytics-prod-eastus.documents.azure.com:443/dbs/research-analytics-db/colls/institutional-data-center/docs/'
Request method: 'POST'
Request headers:
    'Cache-Control': 'no-cache'
    'x-ms-version': 'REDACTED'
    'x-ms-documentdb-query-iscontinuationexpected': 'REDACTED'
    'x-ms-consistency-level': 'REDACTED'
    'x-ms-session-token': 'REDACTED'
    'x-ms-documentdb-partitionkey': 'REDACTED'
    'x-ms-date': 'REDACTED'
    'authorization': 'REDACTED'
    'Content-Type': 'application/json'
    'Accept': 'application/json'
    'x-ms-cosmos-intended-collection-rid': 'REDACTED'
    'Content-Length': '969'
    'User-Agent': 'azsdk-python-cosmos/4.9.0 Python/3.9.6 (macOS-15.5-arm64-arm-64bit)'
A body is sent with the request
2025-06-17 16:40:52,231 - azure.core.pipeline.policies.http_logging_policy - INFO - Response status: 201
Response headers:
    'Content-Length': '1172'
    'Date': 'Tue, 17 Jun 2025 14:40:51 GMT'
    'Content-Type': 'application/json'
    'Server': 'Compute'
    'x-ms-gatewayversion': 'REDACTED'
    'x-ms-activity-id': 'REDACTED'
    'x-ms-last-state-change-utc': 'REDACTED'
    'etag': '"5900bb94-0000-0100-0000-68517e740000"'
    'x-ms-resource-quota': 'REDACTED'
    'x-ms-resource-usage': 'REDACTED'
    'x-ms-schemaversion': 'REDACTED'
    'lsn': 'REDACTED'
    'x-ms-request-charge': 'REDACTED'
    'x-ms-alt-content-path': 'REDACTED'
    'x-ms-content-path': 'REDACTED'
    'x-ms-quorum-acked-lsn': 'REDACTED'
    'x-ms-current-write-quorum': 'REDACTED'
    'x-ms-current-replica-set-size': 'REDACTED'
    'x-ms-documentdb-partitionkeyrangeid': 'REDACTED'
    'x-ms-xp-role': 'REDACTED'
    'x-ms-global-Committed-lsn': 'REDACTED'
    'x-ms-number-of-read-regions': 'REDACTED'
    'x-ms-transport-request-id': 'REDACTED'
    'x-ms-cosmos-llsn': 'REDACTED'
    'x-ms-cosmos-quorum-acked-llsn': 'REDACTED'
    'x-ms-session-token': 'REDACTED'
    'x-ms-request-duration-ms': 'REDACTED'
    'x-ms-serviceversion': 'REDACTED'
    'x-ms-cosmos-physical-partition-id': 'REDACTED'
    'x-ms-cosmos-internal-partition-id': 'REDACTED'
2025-06-17 16:40:52,232 - IDC_Migration_v2 - INFO - ✓ Document ingested: research_finding_1750171247_e37636f5 (104.95ms, Quality: 1.00)
2025-06-17 16:40:52,232 - azure.core.pipeline.policies.http_logging_policy - INFO - Request URL: 'https://cosmos-research-analytics-prod-eastus.documents.azure.com:443/dbs/research-analytics-db/colls/institutional-data-center/docs/'
Request method: 'POST'
Request headers:
    'Cache-Control': 'no-cache'
    'x-ms-version': 'REDACTED'
    'x-ms-documentdb-query-iscontinuationexpected': 'REDACTED'
    'x-ms-consistency-level': 'REDACTED'
    'x-ms-session-token': 'REDACTED'
    'x-ms-documentdb-partitionkey': 'REDACTED'
    'x-ms-date': 'REDACTED'
    'authorization': 'REDACTED'
    'Content-Type': 'application/json'
    'Accept': 'application/json'
    'x-ms-cosmos-intended-collection-rid': 'REDACTED'
    'Content-Length': '979'
    'User-Agent': 'azsdk-python-cosmos/4.9.0 Python/3.9.6 (macOS-15.5-arm64-arm-64bit)'
A body is sent with the request
2025-06-17 16:40:52,340 - azure.core.pipeline.policies.http_logging_policy - INFO - Response status: 201
Response headers:
    'Content-Length': '1182'
    'Date': 'Tue, 17 Jun 2025 14:40:51 GMT'
    'Content-Type': 'application/json'
    'Server': 'Compute'
    'x-ms-gatewayversion': 'REDACTED'
    'x-ms-activity-id': 'REDACTED'
    'x-ms-last-state-change-utc': 'REDACTED'
    'etag': '"5900bd94-0000-0100-0000-68517e740000"'
    'x-ms-resource-quota': 'REDACTED'
    'x-ms-resource-usage': 'REDACTED'
    'x-ms-schemaversion': 'REDACTED'
    'lsn': 'REDACTED'
    'x-ms-request-charge': 'REDACTED'
    'x-ms-alt-content-path': 'REDACTED'
    'x-ms-content-path': 'REDACTED'
    'x-ms-quorum-acked-lsn': 'REDACTED'
    'x-ms-current-write-quorum': 'REDACTED'
    'x-ms-current-replica-set-size': 'REDACTED'
    'x-ms-documentdb-partitionkeyrangeid': 'REDACTED'
    'x-ms-xp-role': 'REDACTED'
    'x-ms-global-Committed-lsn': 'REDACTED'
    'x-ms-number-of-read-regions': 'REDACTED'
    'x-ms-transport-request-id': 'REDACTED'
    'x-ms-cosmos-llsn': 'REDACTED'
    'x-ms-cosmos-quorum-acked-llsn': 'REDACTED'
    'x-ms-session-token': 'REDACTED'
    'x-ms-request-duration-ms': 'REDACTED'
    'x-ms-serviceversion': 'REDACTED'
    'x-ms-cosmos-physical-partition-id': 'REDACTED'
    'x-ms-cosmos-internal-partition-id': 'REDACTED'
2025-06-17 16:40:52,340 - IDC_Migration_v2 - INFO - ✓ Document ingested: research_finding_1750171247_caa4a1c4 (108.12ms, Quality: 1.00)
2025-06-17 16:40:52,340 - azure.core.pipeline.policies.http_logging_policy - INFO - Request URL: 'https://cosmos-research-analytics-prod-eastus.documents.azure.com:443/dbs/research-analytics-db/colls/institutional-data-center/docs/'
Request method: 'POST'
Request headers:
    'Cache-Control': 'no-cache'
    'x-ms-version': 'REDACTED'
    'x-ms-documentdb-query-iscontinuationexpected': 'REDACTED'
    'x-ms-consistency-level': 'REDACTED'
    'x-ms-session-token': 'REDACTED'
    'x-ms-documentdb-partitionkey': 'REDACTED'
    'x-ms-date': 'REDACTED'
    'authorization': 'REDACTED'
    'Content-Type': 'application/json'
    'Accept': 'application/json'
    'x-ms-cosmos-intended-collection-rid': 'REDACTED'
    'Content-Length': '968'
    'User-Agent': 'azsdk-python-cosmos/4.9.0 Python/3.9.6 (macOS-15.5-arm64-arm-64bit)'
A body is sent with the request
2025-06-17 16:40:52,449 - azure.core.pipeline.policies.http_logging_policy - INFO - Response status: 201
Response headers:
    'Content-Length': '1171'
    'Date': 'Tue, 17 Jun 2025 14:40:51 GMT'
    'Content-Type': 'application/json'
    'Server': 'Compute'
    'x-ms-gatewayversion': 'REDACTED'
    'x-ms-activity-id': 'REDACTED'
    'x-ms-last-state-change-utc': 'REDACTED'
    'etag': '"5900c194-0000-0100-0000-68517e740000"'
    'x-ms-resource-quota': 'REDACTED'
    'x-ms-resource-usage': 'REDACTED'
    'x-ms-schemaversion': 'REDACTED'
    'lsn': 'REDACTED'
    'x-ms-request-charge': 'REDACTED'
    'x-ms-alt-content-path': 'REDACTED'
    'x-ms-content-path': 'REDACTED'
    'x-ms-quorum-acked-lsn': 'REDACTED'
    'x-ms-current-write-quorum': 'REDACTED'
    'x-ms-current-replica-set-size': 'REDACTED'
    'x-ms-documentdb-partitionkeyrangeid': 'REDACTED'
    'x-ms-xp-role': 'REDACTED'
    'x-ms-global-Committed-lsn': 'REDACTED'
    'x-ms-number-of-read-regions': 'REDACTED'
    'x-ms-transport-request-id': 'REDACTED'
    'x-ms-cosmos-llsn': 'REDACTED'
    'x-ms-cosmos-quorum-acked-llsn': 'REDACTED'
    'x-ms-session-token': 'REDACTED'
    'x-ms-request-duration-ms': 'REDACTED'
    'x-ms-serviceversion': 'REDACTED'
    'x-ms-cosmos-physical-partition-id': 'REDACTED'
    'x-ms-cosmos-internal-partition-id': 'REDACTED'
2025-06-17 16:40:52,449 - IDC_Migration_v2 - INFO - ✓ Document ingested: research_finding_1750171247_9209d491 (108.88ms, Quality: 1.00)
2025-06-17 16:40:52,449 - IDC_Migration_v2 - INFO - Batch 4 completed: 3/3 successful (0.32s)
2025-06-17 16:40:53,454 - IDC_Migration_v2 - INFO - Processing batch 5 (2 documents)
2025-06-17 16:40:53,455 - azure.core.pipeline.policies.http_logging_policy - INFO - Request URL: 'https://cosmos-research-analytics-prod-eastus.documents.azure.com:443/dbs/research-analytics-db/colls/institutional-data-center/docs/'
Request method: 'POST'
Request headers:
    'Cache-Control': 'no-cache'
    'x-ms-version': 'REDACTED'
    'x-ms-documentdb-query-iscontinuationexpected': 'REDACTED'
    'x-ms-consistency-level': 'REDACTED'
    'x-ms-session-token': 'REDACTED'
    'x-ms-documentdb-partitionkey': 'REDACTED'
    'x-ms-date': 'REDACTED'
    'authorization': 'REDACTED'
    'Content-Type': 'application/json'
    'Accept': 'application/json'
    'x-ms-cosmos-intended-collection-rid': 'REDACTED'
    'Content-Length': '944'
    'User-Agent': 'azsdk-python-cosmos/4.9.0 Python/3.9.6 (macOS-15.5-arm64-arm-64bit)'
A body is sent with the request
2025-06-17 16:40:53,563 - azure.core.pipeline.policies.http_logging_policy - INFO - Response status: 201
Response headers:
    'Content-Length': '1147'
    'Date': 'Tue, 17 Jun 2025 14:40:52 GMT'
    'Content-Type': 'application/json'
    'Server': 'Compute'
    'x-ms-gatewayversion': 'REDACTED'
    'x-ms-activity-id': 'REDACTED'
    'x-ms-last-state-change-utc': 'REDACTED'
    'etag': '"5900dd94-0000-0100-0000-68517e750000"'
    'x-ms-resource-quota': 'REDACTED'
    'x-ms-resource-usage': 'REDACTED'
    'x-ms-schemaversion': 'REDACTED'
    'lsn': 'REDACTED'
    'x-ms-request-charge': 'REDACTED'
    'x-ms-alt-content-path': 'REDACTED'
    'x-ms-content-path': 'REDACTED'
    'x-ms-quorum-acked-lsn': 'REDACTED'
    'x-ms-current-write-quorum': 'REDACTED'
    'x-ms-current-replica-set-size': 'REDACTED'
    'x-ms-documentdb-partitionkeyrangeid': 'REDACTED'
    'x-ms-xp-role': 'REDACTED'
    'x-ms-global-Committed-lsn': 'REDACTED'
    'x-ms-number-of-read-regions': 'REDACTED'
    'x-ms-transport-request-id': 'REDACTED'
    'x-ms-cosmos-llsn': 'REDACTED'
    'x-ms-cosmos-quorum-acked-llsn': 'REDACTED'
    'x-ms-session-token': 'REDACTED'
    'x-ms-request-duration-ms': 'REDACTED'
    'x-ms-serviceversion': 'REDACTED'
    'x-ms-cosmos-physical-partition-id': 'REDACTED'
    'x-ms-cosmos-internal-partition-id': 'REDACTED'
2025-06-17 16:40:53,564 - IDC_Migration_v2 - INFO - ✓ Document ingested: research_finding_1750171247_426a71f1 (109.96ms, Quality: 1.00)
2025-06-17 16:40:53,565 - azure.core.pipeline.policies.http_logging_policy - INFO - Request URL: 'https://cosmos-research-analytics-prod-eastus.documents.azure.com:443/dbs/research-analytics-db/colls/institutional-data-center/docs/'
Request method: 'POST'
Request headers:
    'Cache-Control': 'no-cache'
    'x-ms-version': 'REDACTED'
    'x-ms-documentdb-query-iscontinuationexpected': 'REDACTED'
    'x-ms-consistency-level': 'REDACTED'
    'x-ms-session-token': 'REDACTED'
    'x-ms-documentdb-partitionkey': 'REDACTED'
    'x-ms-date': 'REDACTED'
    'authorization': 'REDACTED'
    'Content-Type': 'application/json'
    'Accept': 'application/json'
    'x-ms-cosmos-intended-collection-rid': 'REDACTED'
    'Content-Length': '930'
    'User-Agent': 'azsdk-python-cosmos/4.9.0 Python/3.9.6 (macOS-15.5-arm64-arm-64bit)'
A body is sent with the request
2025-06-17 16:40:53,673 - azure.core.pipeline.policies.http_logging_policy - INFO - Response status: 201
Response headers:
    'Content-Length': '1133'
    'Date': 'Tue, 17 Jun 2025 14:40:52 GMT'
    'Content-Type': 'application/json'
    'Server': 'Compute'
    'x-ms-gatewayversion': 'REDACTED'
    'x-ms-activity-id': 'REDACTED'
    'x-ms-last-state-change-utc': 'REDACTED'
    'etag': '"5900de94-0000-0100-0000-68517e750000"'
    'x-ms-resource-quota': 'REDACTED'
    'x-ms-resource-usage': 'REDACTED'
    'x-ms-schemaversion': 'REDACTED'
    'lsn': 'REDACTED'
    'x-ms-request-charge': 'REDACTED'
    'x-ms-alt-content-path': 'REDACTED'
    'x-ms-content-path': 'REDACTED'
    'x-ms-quorum-acked-lsn': 'REDACTED'
    'x-ms-current-write-quorum': 'REDACTED'
    'x-ms-current-replica-set-size': 'REDACTED'
    'x-ms-documentdb-partitionkeyrangeid': 'REDACTED'
    'x-ms-xp-role': 'REDACTED'
    'x-ms-global-Committed-lsn': 'REDACTED'
    'x-ms-number-of-read-regions': 'REDACTED'
    'x-ms-transport-request-id': 'REDACTED'
    'x-ms-cosmos-llsn': 'REDACTED'
    'x-ms-cosmos-quorum-acked-llsn': 'REDACTED'
    'x-ms-session-token': 'REDACTED'
    'x-ms-request-duration-ms': 'REDACTED'
    'x-ms-serviceversion': 'REDACTED'
    'x-ms-cosmos-physical-partition-id': 'REDACTED'
    'x-ms-cosmos-internal-partition-id': 'REDACTED'
2025-06-17 16:40:53,674 - IDC_Migration_v2 - INFO - ✓ Document ingested: research_finding_1750171247_94f4cf1c (109.96ms, Quality: 1.00)
2025-06-17 16:40:53,674 - IDC_Migration_v2 - INFO - Batch 5 completed: 2/2 successful (0.22s)
2025-06-17 16:40:54,680 - IDC_Migration_v2 - INFO - Verifying migration quality...
2025-06-17 16:40:54,680 - IDC_Migration_v2 - ERROR - Migration verification failed: name 'timedelta' is not defined
2025-06-17 16:40:54,681 - azure.core.pipeline.policies.http_logging_policy - INFO - Request URL: 'https://cosmos-research-analytics-prod.documents.azure.com:443/'
Request method: 'GET'
Request headers:
    'Cache-Control': 'no-cache'
    'x-ms-version': 'REDACTED'
    'x-ms-documentdb-query-iscontinuationexpected': 'REDACTED'
    'x-ms-date': 'REDACTED'
    'authorization': 'REDACTED'
    'Accept': 'application/json'
    'Content-Length': '0'
    'User-Agent': 'azsdk-python-cosmos/4.9.0 Python/3.9.6 (macOS-15.5-arm64-arm-64bit)'
No body was attached to the request
2025-06-17 16:40:55,133 - azure.core.pipeline.policies.http_logging_policy - INFO - Response status: 200
Response headers:
    'Content-Length': '1722'
    'Date': 'Tue, 17 Jun 2025 14:40:54 GMT'
    'Content-Type': 'application/json'
    'Server': 'Microsoft-HTTPAPI/2.0'
    'x-ms-gatewayversion': 'REDACTED'
    'Cache-Control': 'no-store, no-cache'
    'Pragma': 'no-cache'
    'x-ms-max-media-storage-usage-mb': 'REDACTED'
    'x-ms-media-storage-usage-mb': 'REDACTED'
    'x-ms-databaseaccount-consumed-mb': 'REDACTED'
    'x-ms-databaseaccount-reserved-mb': 'REDACTED'
    'x-ms-databaseaccount-provisioned-mb': 'REDACTED'
    'Strict-Transport-Security': 'REDACTED'
    'Content-Location': 'REDACTED'
2025-06-17 16:40:55,134 - CosmosDBManager - INFO - CosmosDBManager initialized - Database: research-analytics-db, Container: messages
2025-06-17 16:40:55,134 - azure.core.pipeline.policies.http_logging_policy - INFO - Request URL: 'https://cosmos-research-analytics-prod-eastus.documents.azure.com:443/dbs/research-analytics-db/colls/messages/'
Request method: 'GET'
Request headers:
    'Cache-Control': 'no-cache'
    'x-ms-version': 'REDACTED'
    'x-ms-documentdb-query-iscontinuationexpected': 'REDACTED'
    'x-ms-consistency-level': 'REDACTED'
    'x-ms-date': 'REDACTED'
    'authorization': 'REDACTED'
    'Accept': 'application/json'
    'Content-Length': '0'
    'User-Agent': 'azsdk-python-cosmos/4.9.0 Python/3.9.6 (macOS-15.5-arm64-arm-64bit)'
No body was attached to the request
2025-06-17 16:40:55,638 - azure.core.pipeline.policies.http_logging_policy - INFO - Response status: 200
Response headers:
    'Content-Length': '686'
    'Date': 'Tue, 17 Jun 2025 14:40:55 GMT'
    'Content-Type': 'application/json'
    'Server': 'Microsoft-HTTPAPI/2.0'
    'x-ms-gatewayversion': 'REDACTED'
    'Cache-Control': 'no-store, no-cache'
    'Pragma': 'no-cache'
    'Strict-Transport-Security': 'REDACTED'
    'x-ms-activity-id': 'REDACTED'
    'x-ms-last-state-change-utc': 'REDACTED'
    'etag': '"00005102-0000-0100-0000-68504e7e0000"'
    'x-ms-schemaversion': 'REDACTED'
    'collection-partition-index': 'REDACTED'
    'collection-service-index': 'REDACTED'
    'lsn': 'REDACTED'
    'x-ms-request-charge': 'REDACTED'
    'x-ms-alt-content-path': 'REDACTED'
    'x-ms-content-path': 'REDACTED'
    'x-ms-documentdb-partitionkeyrangeid': 'REDACTED'
    'x-ms-xp-role': 'REDACTED'
    'x-ms-global-Committed-lsn': 'REDACTED'
    'x-ms-number-of-read-regions': 'REDACTED'
    'x-ms-item-lsn': 'REDACTED'
    'x-ms-transport-request-id': 'REDACTED'
    'x-ms-cosmos-llsn': 'REDACTED'
    'x-ms-cosmos-item-llsn': 'REDACTED'
    'x-ms-session-token': 'REDACTED'
    'x-ms-request-duration-ms': 'REDACTED'
    'x-ms-serviceversion': 'REDACTED'
    'x-ms-cosmos-physical-partition-id': 'REDACTED'
    'x-ms-cosmos-max-content-length': 'REDACTED'
    'x-ms-cosmos-internal-partition-id': 'REDACTED'
    'Content-Location': 'REDACTED'
2025-06-17 16:40:55,639 - azure.core.pipeline.policies.http_logging_policy - INFO - Request URL: 'https://cosmos-research-analytics-prod-eastus.documents.azure.com:443/dbs/research-analytics-db/colls/messages/docs/'
Request method: 'POST'
Request headers:
    'Cache-Control': 'no-cache'
    'x-ms-version': 'REDACTED'
    'x-ms-documentdb-query-iscontinuationexpected': 'REDACTED'
    'x-ms-consistency-level': 'REDACTED'
    'x-ms-session-token': 'REDACTED'
    'x-ms-documentdb-partitionkey': 'REDACTED'
    'x-ms-date': 'REDACTED'
    'authorization': 'REDACTED'
    'Content-Type': 'application/json'
    'Accept': 'application/json'
    'Content-Length': '1440'
    'User-Agent': 'azsdk-python-cosmos/4.9.0 Python/3.9.6 (macOS-15.5-arm64-arm-64bit)'
A body is sent with the request
2025-06-17 16:40:55,787 - azure.core.pipeline.policies.http_logging_policy - INFO - Response status: 201
Response headers:
    'Content-Length': '1615'
    'Date': 'Tue, 17 Jun 2025 14:40:55 GMT'
    'Content-Type': 'application/json'
    'Server': 'Compute'
    'x-ms-gatewayversion': 'REDACTED'
    'x-ms-activity-id': 'REDACTED'
    'x-ms-last-state-change-utc': 'REDACTED'
    'etag': '"a600df1a-0000-0100-0000-68517e770000"'
    'x-ms-resource-quota': 'REDACTED'
    'x-ms-resource-usage': 'REDACTED'
    'x-ms-schemaversion': 'REDACTED'
    'lsn': 'REDACTED'
    'x-ms-request-charge': 'REDACTED'
    'x-ms-alt-content-path': 'REDACTED'
    'x-ms-content-path': 'REDACTED'
    'x-ms-quorum-acked-lsn': 'REDACTED'
    'x-ms-current-write-quorum': 'REDACTED'
    'x-ms-current-replica-set-size': 'REDACTED'
    'x-ms-documentdb-partitionkeyrangeid': 'REDACTED'
    'x-ms-xp-role': 'REDACTED'
    'x-ms-global-Committed-lsn': 'REDACTED'
    'x-ms-number-of-read-regions': 'REDACTED'
    'x-ms-transport-request-id': 'REDACTED'
    'x-ms-cosmos-llsn': 'REDACTED'
    'x-ms-cosmos-quorum-acked-llsn': 'REDACTED'
    'x-ms-session-token': 'REDACTED'
    'x-ms-request-duration-ms': 'REDACTED'
    'x-ms-serviceversion': 'REDACTED'
    'x-ms-cosmos-physical-partition-id': 'REDACTED'
    'x-ms-cosmos-internal-partition-id': 'REDACTED'
2025-06-17 16:40:55,788 - CosmosDBManager - INFO - Message stored: msg_2025-06-17T16:40:55.134115_2313
